#
# There is insufficient memory for the Java Runtime Environment to continue.
# Native memory allocation (malloc) failed to allocate 161936 bytes for Chunk::new
# Possible reasons:
#   The system is out of physical RAM or swap space
#   The process is running with CompressedOops enabled, and the Java Heap may be blocking the growth of the native heap
# Possible solutions:
#   Reduce memory load on the system
#   Increase physical memory or swap space
#   Check if swap backing store is full
#   Decrease Java heap size (-Xmx/-Xms)
#   Decrease number of Java threads
#   Decrease Java thread stack sizes (-Xss)
#   Set larger code cache with -XX:ReservedCodeCacheSize=
#   JVM is running with Unscaled Compressed Oops mode in which the Java heap is
#     placed in the first 4GB address space. The Java Heap base address is the
#     maximum limit for the native heap growth. Please use -XX:HeapBaseMinAddress
#     to set the Java Heap base and to place the Java Heap above 4GB virtual address.
# This output file may be truncated or incomplete.
#
#  Out of Memory Error (allocation.cpp:389), pid=5688, tid=0x0000000000001e2c
#
# JRE version: OpenJDK Runtime Environment (8.0_412-b08) (build 1.8.0_412-b08)
# Java VM: OpenJDK 64-Bit Server VM (25.412-b08 mixed mode windows-amd64 compressed oops)
# Failed to write core dump. Minidumps are not enabled by default on client versions of Windows
#

---------------  T H R E A D  ---------------

Current thread (0x000001922569b000):  JavaThread "C2 CompilerThread0" daemon [_thread_in_native, id=7724, stack(0x0000007184e00000,0x0000007184f00000)]

Stack: [0x0000007184e00000,0x0000007184f00000]
[error occurred during error reporting (printing stack bounds), id 0xc0000005]

Native frames: (J=compiled Java code, j=interpreted, Vv=VM code, C=native code)


Current CompileTask:
C2:  44152 4598       4       org.uqbar.project.wollok.scoping.WollokGlobalScopeProvider::getScope (61 bytes)


---------------  P R O C E S S  ---------------

Java Threads: ( => current thread )
  0x0000019226932800 JavaThread "LWJGL Timer" daemon [_thread_blocked, id=6652, stack(0x0000007185b00000,0x0000007185c00000)]
  0x0000019226db8800 JavaThread "LWJGL Application" [_thread_in_vm, id=6768, stack(0x0000007185600000,0x0000007185700000)]
  0x00000192268f3800 JavaThread "com.google.inject.internal.util.$Finalizer" daemon [_thread_blocked, id=11812, stack(0x0000007185300000,0x0000007185400000)]
  0x00000192267f9800 JavaThread "EMF Reference Cleaner" daemon [_thread_blocked, id=10664, stack(0x0000007185200000,0x0000007185300000)]
  0x0000019225710800 JavaThread "Service Thread" daemon [_thread_blocked, id=744, stack(0x0000007185000000,0x0000007185100000)]
  0x000001922569d800 JavaThread "C1 CompilerThread1" daemon [_thread_blocked, id=9272, stack(0x0000007184f00000,0x0000007185000000)]
=>0x000001922569b000 JavaThread "C2 CompilerThread0" daemon [_thread_in_native, id=7724, stack(0x0000007184e00000,0x0000007184f00000)]
  0x0000019225694800 JavaThread "Attach Listener" daemon [_thread_blocked, id=2520, stack(0x0000007184d00000,0x0000007184e00000)]
  0x0000019225693800 JavaThread "Signal Dispatcher" daemon [_thread_blocked, id=4004, stack(0x0000007184c00000,0x0000007184d00000)]
  0x000001922566b000 JavaThread "Finalizer" daemon [_thread_blocked, id=6612, stack(0x0000007184b00000,0x0000007184c00000)]
  0x000001922518e000 JavaThread "Reference Handler" daemon [_thread_blocked, id=8136, stack(0x0000007184a00000,0x0000007184b00000)]
  0x00000192116e6000 JavaThread "main" [_thread_blocked, id=5724, stack(0x0000007184600000,0x0000007184700000)]

Other Threads:
  0x0000019225641800 VMThread [stack: 0x0000007184900000,0x0000007184a00000] [id=3524]
  0x0000019225714000 WatcherThread [stack: 0x0000007185100000,0x0000007185200000] [id=1340]

VM state:not at safepoint (normal execution)

VM Mutex/Monitor currently owned by a thread: None

heap address: 0x00000000c2800000, size: 984 MB, Compressed Oops mode: 32-bit
Narrow klass base: 0x0000000000000000, Narrow klass shift: 3
Compressed class space size: 1073741824 Address: 0x0000000100000000

Heap:
 PSYoungGen      total 149504K, used 42832K [0x00000000eb800000, 0x00000000f5b00000, 0x0000000100000000)
  eden space 138240K, 29% used [0x00000000eb800000,0x00000000ee060798,0x00000000f3f00000)
  from space 11264K, 13% used [0x00000000f3f00000,0x00000000f4073890,0x00000000f4a00000)
  to   space 10752K, 0% used [0x00000000f5080000,0x00000000f5080000,0x00000000f5b00000)
 ParOldGen       total 50688K, used 18169K [0x00000000c2800000, 0x00000000c5980000, 0x00000000eb800000)
  object space 50688K, 35% used [0x00000000c2800000,0x00000000c39be498,0x00000000c5980000)
 Metaspace       used 24790K, capacity 25147K, committed 25344K, reserved 1071104K
  class space    used 2918K, capacity 3016K, committed 3072K, reserved 1048576K

Card table byte_map: [0x00000192224a0000,0x0000019222690000] byte_map_base: 0x0000019221e8c000

Marking Bits: (ParMarkBitMap*) 0x0000000074e50830
 Begin Bits: [0x00000192227e0000, 0x0000019223740000)
 End Bits:   [0x0000019223740000, 0x00000192246a0000)

Polling page: 0x0000019211800000

CodeCache: size=245760Kb used=13784Kb max_used=13803Kb free=231975Kb
 bounds [0x00000192130e0000, 0x0000019213e80000, 0x00000192220e0000]
 total_blobs=4641 nmethods=4042 adapters=510
 compilation: enabled

Compilation events (10 events):
Event: 43.832 Thread 0x000001922569d800 nmethod 4593 0x0000019213a5f590 code [0x0000019213a5f6e0, 0x0000019213a5f7f8]
Event: 43.844 Thread 0x000001922569d800 4594       1       org.lwjgl.opengl.WindowsDisplayPeerInfo::doUnlock (1 bytes)
Event: 43.844 Thread 0x000001922569d800 nmethod 4594 0x00000192134b4b50 code [0x00000192134b4ca0, 0x00000192134b4db8]
Event: 43.911 Thread 0x000001922569d800 4595       1       org.lwjgl.opengl.Display::wasResized (4 bytes)
Event: 43.911 Thread 0x000001922569d800 nmethod 4595 0x0000019213a5c650 code [0x0000019213a5c7a0, 0x0000019213a5c8b8]
Event: 43.987 Thread 0x000001922569b000 4596       4       org.eclipse.xtext.resource.containers.StateBasedContainer::hasResourceDescription (11 bytes)
Event: 43.989 Thread 0x000001922569b000 nmethod 4596 0x0000019213a90150 code [0x0000019213a902a0, 0x0000019213a903a8]
Event: 43.994 Thread 0x000001922569b000 4597   !   4       org.uqbar.project.wollok.scoping.cache.MapBasedWollokGlobalScopeCache::get (106 bytes)
Event: 44.079 Thread 0x000001922569b000 nmethod 4597 0x0000019213e794d0 code [0x0000019213e79720, 0x0000019213e7b428]
Event: 44.079 Thread 0x000001922569b000 4598       4       org.uqbar.project.wollok.scoping.WollokGlobalScopeProvider::getScope (61 bytes)

GC Heap History (10 events):
Event: 36.612 GC heap before
{Heap before GC invocations=16 (full 1):
 PSYoungGen      total 138240K, used 128238K [0x00000000eb800000, 0x00000000f4f00000, 0x0000000100000000)
  eden space 126976K, 100% used [0x00000000eb800000,0x00000000f3400000,0x00000000f3400000)
  from space 11264K, 11% used [0x00000000f4400000,0x00000000f453b890,0x00000000f4f00000)
  to   space 13824K, 0% used [0x00000000f3400000,0x00000000f3400000,0x00000000f4180000)
 ParOldGen       total 50688K, used 18161K [0x00000000c2800000, 0x00000000c5980000, 0x00000000eb800000)
  object space 50688K, 35% used [0x00000000c2800000,0x00000000c39bc498,0x00000000c5980000)
 Metaspace       used 24779K, capacity 25141K, committed 25344K, reserved 1071104K
  class space    used 2917K, capacity 3015K, committed 3072K, reserved 1048576K
Event: 36.617 GC heap after
Heap after GC invocations=16 (full 1):
 PSYoungGen      total 140800K, used 1294K [0x00000000eb800000, 0x00000000f4f00000, 0x0000000100000000)
  eden space 126976K, 0% used [0x00000000eb800000,0x00000000eb800000,0x00000000f3400000)
  from space 13824K, 9% used [0x00000000f3400000,0x00000000f3543890,0x00000000f4180000)
  to   space 11264K, 0% used [0x00000000f4400000,0x00000000f4400000,0x00000000f4f00000)
 ParOldGen       total 50688K, used 18169K [0x00000000c2800000, 0x00000000c5980000, 0x00000000eb800000)
  object space 50688K, 35% used [0x00000000c2800000,0x00000000c39be498,0x00000000c5980000)
 Metaspace       used 24779K, capacity 25141K, committed 25344K, reserved 1071104K
  class space    used 2917K, capacity 3015K, committed 3072K, reserved 1048576K
}
Event: 38.288 GC heap before
{Heap before GC invocations=17 (full 1):
 PSYoungGen      total 140800K, used 128270K [0x00000000eb800000, 0x00000000f4f00000, 0x0000000100000000)
  eden space 126976K, 100% used [0x00000000eb800000,0x00000000f3400000,0x00000000f3400000)
  from space 13824K, 9% used [0x00000000f3400000,0x00000000f3543890,0x00000000f4180000)
  to   space 11264K, 0% used [0x00000000f4400000,0x00000000f4400000,0x00000000f4f00000)
 ParOldGen       total 50688K, used 18169K [0x00000000c2800000, 0x00000000c5980000, 0x00000000eb800000)
  object space 50688K, 35% used [0x00000000c2800000,0x00000000c39be498,0x00000000c5980000)
 Metaspace       used 24783K, capacity 25147K, committed 25344K, reserved 1071104K
  class space    used 2918K, capacity 3016K, committed 3072K, reserved 1048576K
Event: 38.293 GC heap after
Heap after GC invocations=17 (full 1):
 PSYoungGen      total 142336K, used 1358K [0x00000000eb800000, 0x00000000f5680000, 0x0000000100000000)
  eden space 131072K, 0% used [0x00000000eb800000,0x00000000eb800000,0x00000000f3800000)
  from space 11264K, 12% used [0x00000000f4400000,0x00000000f4553890,0x00000000f4f00000)
  to   space 12288K, 0% used [0x00000000f3800000,0x00000000f3800000,0x00000000f4400000)
 ParOldGen       total 50688K, used 18169K [0x00000000c2800000, 0x00000000c5980000, 0x00000000eb800000)
  object space 50688K, 35% used [0x00000000c2800000,0x00000000c39be498,0x00000000c5980000)
 Metaspace       used 24783K, capacity 25147K, committed 25344K, reserved 1071104K
  class space    used 2918K, capacity 3016K, committed 3072K, reserved 1048576K
}
Event: 40.243 GC heap before
{Heap before GC invocations=18 (full 1):
 PSYoungGen      total 142336K, used 132430K [0x00000000eb800000, 0x00000000f5680000, 0x0000000100000000)
  eden space 131072K, 100% used [0x00000000eb800000,0x00000000f3800000,0x00000000f3800000)
  from space 11264K, 12% used [0x00000000f4400000,0x00000000f4553890,0x00000000f4f00000)
  to   space 12288K, 0% used [0x00000000f3800000,0x00000000f3800000,0x00000000f4400000)
 ParOldGen       total 50688K, used 18169K [0x00000000c2800000, 0x00000000c5980000, 0x00000000eb800000)
  object space 50688K, 35% used [0x00000000c2800000,0x00000000c39be498,0x00000000c5980000)
 Metaspace       used 24786K, capacity 25147K, committed 25344K, reserved 1071104K
  class space    used 2918K, capacity 3016K, committed 3072K, reserved 1048576K
Event: 40.248 GC heap after
Heap after GC invocations=18 (full 1):
 PSYoungGen      total 143360K, used 1390K [0x00000000eb800000, 0x00000000f5600000, 0x0000000100000000)
  eden space 131072K, 0% used [0x00000000eb800000,0x00000000eb800000,0x00000000f3800000)
  from space 12288K, 11% used [0x00000000f3800000,0x00000000f395b890,0x00000000f4400000)
  to   space 11776K, 0% used [0x00000000f4a80000,0x00000000f4a80000,0x00000000f5600000)
 ParOldGen       total 50688K, used 18169K [0x00000000c2800000, 0x00000000c5980000, 0x00000000eb800000)
  object space 50688K, 35% used [0x00000000c2800000,0x00000000c39be498,0x00000000c5980000)
 Metaspace       used 24786K, capacity 25147K, committed 25344K, reserved 1071104K
  class space    used 2918K, capacity 3016K, committed 3072K, reserved 1048576K
}
Event: 42.005 GC heap before
{Heap before GC invocations=19 (full 1):
 PSYoungGen      total 143360K, used 132462K [0x00000000eb800000, 0x00000000f5600000, 0x0000000100000000)
  eden space 131072K, 100% used [0x00000000eb800000,0x00000000f3800000,0x00000000f3800000)
  from space 12288K, 11% used [0x00000000f3800000,0x00000000f395b890,0x00000000f4400000)
  to   space 11776K, 0% used [0x00000000f4a80000,0x00000000f4a80000,0x00000000f5600000)
 ParOldGen       total 50688K, used 18169K [0x00000000c2800000, 0x00000000c5980000, 0x00000000eb800000)
  object space 50688K, 35% used [0x00000000c2800000,0x00000000c39be498,0x00000000c5980000)
 Metaspace       used 24789K, capacity 25147K, committed 25344K, reserved 1071104K
  class space    used 2918K, capacity 3016K, committed 3072K, reserved 1048576K
Event: 42.011 GC heap after
Heap after GC invocations=19 (full 1):
 PSYoungGen      total 148992K, used 1422K [0x00000000eb800000, 0x00000000f5500000, 0x0000000100000000)
  eden space 138240K, 0% used [0x00000000eb800000,0x00000000eb800000,0x00000000f3f00000)
  from space 10752K, 13% used [0x00000000f4a80000,0x00000000f4be3890,0x00000000f5500000)
  to   space 11264K, 0% used [0x00000000f3f00000,0x00000000f3f00000,0x00000000f4a00000)
 ParOldGen       total 50688K, used 18169K [0x00000000c2800000, 0x00000000c5980000, 0x00000000eb800000)
  object space 50688K, 35% used [0x00000000c2800000,0x00000000c39be498,0x00000000c5980000)
 Metaspace       used 24789K, capacity 25147K, committed 25344K, reserved 1071104K
  class space    used 2918K, capacity 3016K, committed 3072K, reserved 1048576K
}
Event: 43.647 GC heap before
{Heap before GC invocations=20 (full 1):
 PSYoungGen      total 148992K, used 139662K [0x00000000eb800000, 0x00000000f5500000, 0x0000000100000000)
  eden space 138240K, 100% used [0x00000000eb800000,0x00000000f3f00000,0x00000000f3f00000)
  from space 10752K, 13% used [0x00000000f4a80000,0x00000000f4be3890,0x00000000f5500000)
  to   space 11264K, 0% used [0x00000000f3f00000,0x00000000f3f00000,0x00000000f4a00000)
 ParOldGen       total 50688K, used 18169K [0x00000000c2800000, 0x00000000c5980000, 0x00000000eb800000)
  object space 50688K, 35% used [0x00000000c2800000,0x00000000c39be498,0x00000000c5980000)
 Metaspace       used 24790K, capacity 25147K, committed 25344K, reserved 1071104K
  class space    used 2918K, capacity 3016K, committed 3072K, reserved 1048576K
Event: 43.652 GC heap after
Heap after GC invocations=20 (full 1):
 PSYoungGen      total 149504K, used 1486K [0x00000000eb800000, 0x00000000f5b00000, 0x0000000100000000)
  eden space 138240K, 0% used [0x00000000eb800000,0x00000000eb800000,0x00000000f3f00000)
  from space 11264K, 13% used [0x00000000f3f00000,0x00000000f4073890,0x00000000f4a00000)
  to   space 10752K, 0% used [0x00000000f5080000,0x00000000f5080000,0x00000000f5b00000)
 ParOldGen       total 50688K, used 18169K [0x00000000c2800000, 0x00000000c5980000, 0x00000000eb800000)
  object space 50688K, 35% used [0x00000000c2800000,0x00000000c39be498,0x00000000c5980000)
 Metaspace       used 24790K, capacity 25147K, committed 25344K, reserved 1071104K
  class space    used 2918K, capacity 3016K, committed 3072K, reserved 1048576K
}

Deoptimization events (10 events):
Event: 17.398 Thread 0x0000019226db8800 Uncommon trap: reason=bimorphic action=maybe_recompile pc=0x0000019213bb1888 method=org.eclipse.xtext.xbase.lib.IterableExtensions.findFirst(Ljava/lang/Iterable;Lorg/eclipse/xtext/xbase/lib/Functions$Function1;)Ljava/lang/Object; @ 1
Event: 17.400 Thread 0x0000019226db8800 Uncommon trap: reason=bimorphic action=maybe_recompile pc=0x0000019213bb1888 method=org.eclipse.xtext.xbase.lib.IterableExtensions.findFirst(Ljava/lang/Iterable;Lorg/eclipse/xtext/xbase/lib/Functions$Function1;)Ljava/lang/Object; @ 1
Event: 17.406 Thread 0x0000019226db8800 Uncommon trap: reason=bimorphic action=maybe_recompile pc=0x0000019213bb1888 method=org.eclipse.xtext.xbase.lib.IterableExtensions.findFirst(Ljava/lang/Iterable;Lorg/eclipse/xtext/xbase/lib/Functions$Function1;)Ljava/lang/Object; @ 1
Event: 18.398 Thread 0x0000019226db8800 Uncommon trap: reason=unstable_if action=reinterpret pc=0x0000019213b90680 method=org.eclipse.emf.common.util.Pool.access(ZLorg/eclipse/emf/common/util/Pool$AccessUnit;)V @ 48
Event: 20.662 Thread 0x0000019226db8800 Uncommon trap: reason=unstable_if action=reinterpret pc=0x0000019213cddf20 method=java.math.BigDecimal.valueOf(J)Ljava/math/BigDecimal; @ 13
Event: 30.059 Thread 0x0000019226db8800 Uncommon trap: reason=predicate action=maybe_recompile pc=0x0000019213df99bc method=java.util.AbstractCollection.toArray([Ljava/lang/Object;)[Ljava/lang/Object; @ 49
Event: 30.646 Thread 0x0000019226db8800 Uncommon trap: reason=array_check action=maybe_recompile pc=0x0000019213e01270 method=java.util.AbstractCollection.toArray([Ljava/lang/Object;)[Ljava/lang/Object; @ 119
Event: 30.646 Thread 0x0000019226db8800 Uncommon trap: reason=array_check action=maybe_recompile pc=0x0000019213e01270 method=java.util.AbstractCollection.toArray([Ljava/lang/Object;)[Ljava/lang/Object; @ 119
Event: 30.647 Thread 0x0000019226db8800 Uncommon trap: reason=array_check action=maybe_recompile pc=0x0000019213e01270 method=java.util.AbstractCollection.toArray([Ljava/lang/Object;)[Ljava/lang/Object; @ 119
Event: 30.647 Thread 0x0000019226db8800 Uncommon trap: reason=array_check action=maybe_recompile pc=0x0000019213e01270 method=java.util.AbstractCollection.toArray([Ljava/lang/Object;)[Ljava/lang/Object; @ 119

Classes redefined (0 events):
No events

Internal exceptions (10 events):
Event: 7.711 Thread 0x00000192116e6000 Exception <a 'java/lang/reflect/InvocationTargetException'> (0x00000000ed9500b0) thrown at [C:\workspace\openjdk-build\workspace\build\src\hotspot\src\share\vm\runtime\reflection.cpp, line 1092]
Event: 7.715 Thread 0x00000192116e6000 Exception <a 'java/lang/reflect/InvocationTargetException'> (0x00000000ed96c4a0) thrown at [C:\workspace\openjdk-build\workspace\build\src\hotspot\src\share\vm\runtime\reflection.cpp, line 1092]
Event: 7.719 Thread 0x00000192116e6000 Exception <a 'java/lang/reflect/InvocationTargetException'> (0x00000000ed988970) thrown at [C:\workspace\openjdk-build\workspace\build\src\hotspot\src\share\vm\runtime\reflection.cpp, line 1092]
Event: 7.730 Thread 0x00000192116e6000 Exception <a 'java/lang/reflect/InvocationTargetException'> (0x00000000ed9cd2e0) thrown at [C:\workspace\openjdk-build\workspace\build\src\hotspot\src\share\vm\runtime\reflection.cpp, line 1092]
Event: 8.789 Thread 0x00000192116e6000 Exception <a 'java/security/PrivilegedActionException'> (0x00000000ec16f168) thrown at [C:\workspace\openjdk-build\workspace\build\src\hotspot\src\share\vm\prims\jvm.cpp, line 1514]
Event: 8.790 Thread 0x00000192116e6000 Exception <a 'java/security/PrivilegedActionException'> (0x00000000ec170698) thrown at [C:\workspace\openjdk-build\workspace\build\src\hotspot\src\share\vm\prims\jvm.cpp, line 1514]
Event: 8.790 Thread 0x00000192116e6000 Exception <a 'java/security/PrivilegedActionException'> (0x00000000ec171ac8) thrown at [C:\workspace\openjdk-build\workspace\build\src\hotspot\src\share\vm\prims\jvm.cpp, line 1514]
Event: 8.790 Thread 0x00000192116e6000 Exception <a 'java/security/PrivilegedActionException'> (0x00000000ec173188) thrown at [C:\workspace\openjdk-build\workspace\build\src\hotspot\src\share\vm\prims\jvm.cpp, line 1514]
Event: 8.790 Thread 0x00000192116e6000 Exception <a 'java/security/PrivilegedActionException'> (0x00000000ec174580) thrown at [C:\workspace\openjdk-build\workspace\build\src\hotspot\src\share\vm\prims\jvm.cpp, line 1514]
Event: 8.790 Thread 0x00000192116e6000 Exception <a 'java/security/PrivilegedActionException'> (0x00000000ec175948) thrown at [C:\workspace\openjdk-build\workspace\build\src\hotspot\src\share\vm\prims\jvm.cpp, line 1514]

Events (10 events):
Event: 38.231 Thread 0x000001922569b000 flushing nmethod 0x0000019213b03190
Event: 38.231 Thread 0x000001922569b000 flushing nmethod 0x0000019213b16650
Event: 38.288 Executing VM operation: ParallelGCFailedAllocation
Event: 38.293 Executing VM operation: ParallelGCFailedAllocation done
Event: 40.243 Executing VM operation: ParallelGCFailedAllocation
Event: 40.248 Executing VM operation: ParallelGCFailedAllocation done
Event: 42.005 Executing VM operation: ParallelGCFailedAllocation
Event: 42.011 Executing VM operation: ParallelGCFailedAllocation done
Event: 43.647 Executing VM operation: ParallelGCFailedAllocation
Event: 43.652 Executing VM operation: ParallelGCFailedAllocation done


Dynamic libraries:
0x00007ff6f5a60000 - 0x00007ff6f5ab1000 	C:\Program Files\Eclipse Adoptium\jdk-8.0.412.8-hotspot\bin\javaw.exe
0x00007ffcf5070000 - 0x00007ffcf5268000 	C:\WINDOWS\SYSTEM32\ntdll.dll
0x00007ffcf3130000 - 0x00007ffcf31ed000 	C:\WINDOWS\System32\KERNEL32.DLL
0x00007ffcf2890000 - 0x00007ffcf2b86000 	C:\WINDOWS\System32\KERNELBASE.dll
0x00007ffcf33c0000 - 0x00007ffcf3470000 	C:\WINDOWS\System32\ADVAPI32.dll
0x00007ffcf3e60000 - 0x00007ffcf3efe000 	C:\WINDOWS\System32\msvcrt.dll
0x00007ffcf3250000 - 0x00007ffcf32f0000 	C:\WINDOWS\System32\sechost.dll
0x00007ffcf3f00000 - 0x00007ffcf4023000 	C:\WINDOWS\System32\RPCRT4.dll
0x00007ffcf2730000 - 0x00007ffcf2757000 	C:\WINDOWS\System32\bcrypt.dll
0x00007ffcf3800000 - 0x00007ffcf399f000 	C:\WINDOWS\System32\USER32.dll
0x00007ffcf2860000 - 0x00007ffcf2882000 	C:\WINDOWS\System32\win32u.dll
0x00007ffcf39b0000 - 0x00007ffcf39db000 	C:\WINDOWS\System32\GDI32.dll
0x00007ffcf2ea0000 - 0x00007ffcf2fb7000 	C:\WINDOWS\System32\gdi32full.dll
0x00007ffcf3010000 - 0x00007ffcf30ad000 	C:\WINDOWS\System32\msvcp_win.dll
0x00007ffcf2760000 - 0x00007ffcf2860000 	C:\WINDOWS\System32\ucrtbase.dll
0x00007ffcd7710000 - 0x00007ffcd79aa000 	C:\WINDOWS\WinSxS\amd64_microsoft.windows.common-controls_6595b64144ccf1df_6.0.19041.4355_none_60b8b9eb71f62e16\COMCTL32.dll
0x00007ffcf37d0000 - 0x00007ffcf37ff000 	C:\WINDOWS\System32\IMM32.DLL
0x00007ffcd8920000 - 0x00007ffcd8935000 	C:\Program Files\Eclipse Adoptium\jdk-8.0.412.8-hotspot\jre\bin\vcruntime140.dll
0x00007ffcbf6e0000 - 0x00007ffcbf77b000 	C:\Program Files\Eclipse Adoptium\jdk-8.0.412.8-hotspot\jre\bin\msvcp140.dll
0x0000000074670000 - 0x0000000074ec9000 	C:\Program Files\Eclipse Adoptium\jdk-8.0.412.8-hotspot\jre\bin\server\jvm.dll
0x00007ffcf4fc0000 - 0x00007ffcf4fc8000 	C:\WINDOWS\System32\PSAPI.DLL
0x00007ffcd97d0000 - 0x00007ffcd97f7000 	C:\WINDOWS\SYSTEM32\WINMM.dll
0x00007ffceba90000 - 0x00007ffceba99000 	C:\WINDOWS\SYSTEM32\WSOCK32.dll
0x00007ffcf3cd0000 - 0x00007ffcf3d3b000 	C:\WINDOWS\System32\WS2_32.dll
0x00007ffceb730000 - 0x00007ffceb73a000 	C:\WINDOWS\SYSTEM32\VERSION.dll
0x00007ffcf05b0000 - 0x00007ffcf05c2000 	C:\WINDOWS\SYSTEM32\kernel.appcore.dll
0x00007ffcefc80000 - 0x00007ffcefc90000 	C:\Program Files\Eclipse Adoptium\jdk-8.0.412.8-hotspot\jre\bin\verify.dll
0x00007ffcdffb0000 - 0x00007ffcdffdb000 	C:\Program Files\Eclipse Adoptium\jdk-8.0.412.8-hotspot\jre\bin\java.dll
0x00007ffce8f80000 - 0x00007ffce8f98000 	C:\Program Files\Eclipse Adoptium\jdk-8.0.412.8-hotspot\jre\bin\zip.dll
0x00007ffcf4850000 - 0x00007ffcf4fbc000 	C:\WINDOWS\System32\SHELL32.dll
0x00007ffcf07b0000 - 0x00007ffcf0f4d000 	C:\WINDOWS\SYSTEM32\windows.storage.dll
0x00007ffcf3470000 - 0x00007ffcf37c3000 	C:\WINDOWS\System32\combase.dll
0x00007ffcf2150000 - 0x00007ffcf217e000 	C:\WINDOWS\SYSTEM32\Wldp.dll
0x00007ffcf32f0000 - 0x00007ffcf33bd000 	C:\WINDOWS\System32\OLEAUT32.dll
0x00007ffcf45f0000 - 0x00007ffcf469d000 	C:\WINDOWS\System32\SHCORE.dll
0x00007ffcf3b90000 - 0x00007ffcf3be5000 	C:\WINDOWS\System32\shlwapi.dll
0x00007ffcf2660000 - 0x00007ffcf2684000 	C:\WINDOWS\SYSTEM32\profapi.dll
0x0000000065580000 - 0x0000000065616000 	C:\Users\esjai\AppData\Local\Temp\libgdxesjai\12dfaa03\gdx64.dll
0x00007ffcf20b0000 - 0x00007ffcf20c8000 	C:\WINDOWS\SYSTEM32\CRYPTSP.dll
0x00007ffcf1760000 - 0x00007ffcf1794000 	C:\WINDOWS\system32\rsaenh.dll
0x00007ffcf25d0000 - 0x00007ffcf25fe000 	C:\WINDOWS\SYSTEM32\USERENV.dll
0x00007ffcf2e10000 - 0x00007ffcf2e92000 	C:\WINDOWS\System32\bcryptprimitives.dll
0x00007ffcf20a0000 - 0x00007ffcf20ac000 	C:\WINDOWS\SYSTEM32\CRYPTBASE.dll
0x00007ffcea100000 - 0x00007ffcea11c000 	C:\Program Files\Eclipse Adoptium\jdk-8.0.412.8-hotspot\jre\bin\net.dll
0x00007ffcf1eb0000 - 0x00007ffcf1f1a000 	C:\WINDOWS\system32\mswsock.dll
0x00007ffcf1b40000 - 0x00007ffcf1b7b000 	C:\WINDOWS\SYSTEM32\IPHLPAPI.DLL
0x00007ffcf45e0000 - 0x00007ffcf45e8000 	C:\WINDOWS\System32\NSI.dll
0x00007ffce7ce0000 - 0x00007ffce7cf7000 	C:\WINDOWS\SYSTEM32\dhcpcsvc6.DLL
0x00007ffce9dc0000 - 0x00007ffce9ddd000 	C:\WINDOWS\SYSTEM32\dhcpcsvc.DLL
0x00007ffcf1b80000 - 0x00007ffcf1c4a000 	C:\WINDOWS\SYSTEM32\DNSAPI.dll
0x00007ffce9110000 - 0x00007ffce9123000 	C:\Program Files\Eclipse Adoptium\jdk-8.0.412.8-hotspot\jre\bin\nio.dll
0x0000000180000000 - 0x0000000180053000 	C:\Users\esjai\AppData\Local\Temp\libgdxesjai\dc0f0009\lwjgl64.dll
0x00007ffcd6360000 - 0x00007ffcd6485000 	C:\WINDOWS\SYSTEM32\OPENGL32.dll
0x00007ffcd7f70000 - 0x00007ffcd7f9c000 	C:\WINDOWS\SYSTEM32\GLU32.dll
0x0000019211870000 - 0x00000192118d4000 	C:\Users\esjai\AppData\Local\Temp\libgdxesjai\dc0f0009\OpenAL64.dll
0x00007ffcf39e0000 - 0x00007ffcf3b0b000 	C:\WINDOWS\System32\ole32.dll
0x00007ffcf0080000 - 0x00007ffcf011e000 	C:\WINDOWS\system32\uxtheme.dll
0x00007ffcf4530000 - 0x00007ffcf45d9000 	C:\WINDOWS\System32\clbcatq.dll
0x00007ffcbf640000 - 0x00007ffcbf6dc000 	C:\WINDOWS\SYSTEM32\dsound.dll
0x00007ffcf1c60000 - 0x00007ffcf1cab000 	C:\WINDOWS\SYSTEM32\powrprof.dll
0x00007ffcecad0000 - 0x00007ffcecaf6000 	C:\WINDOWS\SYSTEM32\winmmbase.dll
0x00007ffcf1b20000 - 0x00007ffcf1b32000 	C:\WINDOWS\SYSTEM32\UMPDC.dll
0x00007ffce7b50000 - 0x00007ffce7bd5000 	C:\WINDOWS\System32\MMDevApi.dll
0x00007ffcf22e0000 - 0x00007ffcf2313000 	C:\WINDOWS\System32\DEVOBJ.dll
0x00007ffcf2fc0000 - 0x00007ffcf300e000 	C:\WINDOWS\System32\cfgmgr32.dll
0x00007ffce1cd0000 - 0x00007ffce1e51000 	C:\WINDOWS\SYSTEM32\AUDIOSES.DLL
0x00007ffcf01b0000 - 0x00007ffcf01c4000 	C:\WINDOWS\SYSTEM32\resourcepolicyclient.dll
0x00007ffced010000 - 0x00007ffced0be000 	C:\WINDOWS\SYSTEM32\mscms.dll
0x00007ffcecfa0000 - 0x00007ffcecfb1000 	C:\WINDOWS\SYSTEM32\ColorAdapterClient.dll
0x00007ffce85b0000 - 0x00007ffce85f3000 	C:\Windows\System32\Windows.Internal.Graphics.Display.DisplayColorManagement.dll
0x00007ffcf3d40000 - 0x00007ffcf3e54000 	C:\WINDOWS\System32\MSCTF.dll
0x00007ffcb0e20000 - 0x00007ffcb0e82000 	C:\Program Files (x86)\Intel Education Software\Theft Deterrent protect\LockTime.dll
0x00007ffcead90000 - 0x00007ffceae93000 	C:\Windows\System32\AppXDeploymentClient.dll
0x00007ffc96640000 - 0x00007ffc976e5000 	C:\WINDOWS\System32\DriverStore\FileRepository\iigd_dch.inf_amd64_51f685305808e3a5\ig9icd64.dll
0x00007ffcf04a0000 - 0x00007ffcf04cf000 	C:\WINDOWS\system32\dwmapi.dll
0x00007ffcf0fb0000 - 0x00007ffcf10a2000 	C:\WINDOWS\system32\dxgi.dll
0x00007ffcbe790000 - 0x00007ffcbe8bc000 	C:\WINDOWS\System32\DriverStore\FileRepository\iigd_dch.inf_amd64_51f685305808e3a5\igdml64.dll
0x00007ffce6fa0000 - 0x00007ffce73a9000 	C:\WINDOWS\System32\DriverStore\FileRepository\iigd_dch.inf_amd64_51f685305808e3a5\igdgmm64.dll
0x00007ffce81c0000 - 0x00007ffce82b9000 	C:\WINDOWS\SYSTEM32\textinputframework.dll
0x00007ffcef4a0000 - 0x00007ffcef7fb000 	C:\WINDOWS\System32\CoreUIComponents.dll
0x00007ffcef830000 - 0x00007ffcef922000 	C:\WINDOWS\System32\CoreMessaging.dll
0x00007ffcf1880000 - 0x00007ffcf18b3000 	C:\WINDOWS\SYSTEM32\ntmarta.dll
0x00007ffceecd0000 - 0x00007ffceee27000 	C:\WINDOWS\SYSTEM32\wintypes.dll
0x00007ffcd6950000 - 0x00007ffcd6993000 	C:\WINDOWS\SYSTEM32\icm32.dll
0x00007ffce23a0000 - 0x00007ffce5b34000 	C:\WINDOWS\System32\DriverStore\FileRepository\iigd_dch.inf_amd64_51f685305808e3a5\igc64.dll

VM Arguments:
jvm_args: -Duser.language=es_AR -Dfile.encoding=UTF-8 
java_command: org.uqbar.project.wollok.launch.WollokLauncher -requestsPort 0 -eventsPort 0 -folder -dontValidate -wf src/program.wpgm -darkMode
java_class_path (initial): C:\Users\esjai\Downloads\viborita\bin;C:\Users\esjai\Downloads\plugins\com.ibm.icu_64.2.0.v20190507-1337.jar;C:\Users\esjai\Downloads\plugins\org.eclipse.xtext_2.20.0.v20191202-0915.jar;C:\Users\esjai\Downloads\plugins\org.eclipse.emf.ecore.xmi_2.16.0.v20190528-0725.jar;C:\Users\esjai\Downloads\plugins\org.eclipse.emf.ecore_2.20.0.v20190920-0401.jar;C:\Users\esjai\Downloads\plugins\org.eclipse.emf.common_2.17.0.v20190920-0401.jar;C:\Users\esjai\Downloads\plugins\org.antlr.runtime_3.2.0.v201101311130.jar;C:\Users\esjai\Downloads\plugins\com.google.inject_3.0.0.v201605172100.jar;C:\Users\esjai\Downloads\plugins\org.eclipse.emf.mwe.core_1.5.1.v20191121-1148.jar;C:\Users\esjai\Downloads\plugins\org.apache.commons.cli_1.2.0.v201404270220.jar;C:\Users\esjai\Downloads\plugins\org.eclipse.emf.mwe2.runtime_2.11.1.v20191121-1148.jar;C:\Users\esjai\Downloads\plugins\org.eclipse.emf.mwe.utils_1.5.1.v20191121-1148.jar;C:\Users\esjai\Downloads\plugins\org.eclipse.xtext.util_2.20.0.v20191202-0915.jar;C:\Users\esjai\Downloads\plugins\com.google.guava_27.1.0.v20190517-1946.jar;C:\Users\esjai\Downloads\plugins\javax.inject_1.0.0.v20091030.jar;C:\Users\esjai\Downloads\plugins\org.eclipse.xtext.generator_2.20.0.v20191202-0933.jar;C:\Users\esjai\Downloads\plugins\org.eclipse.xtext.xtext.generator_2.20.0.v20191202-0915.jar;C:\Users\esjai\Downloads\plugins\org.eclipse.xtext.xbase.lib_2.20.0.v20191202-0907.jar;C:\Users\esjai\Downloads\plugins\org.eclipse.emf.codegen.ecore_2.20.0.v20191012-0918.jar;C:\Users\esjai\Downloads\plugins\org.eclipse.emf.codegen_2.19.0.v20190821-1536.jar;C:\Users\esjai\Downloads\plugins\org.eclipse.xtend_2.2.0.v201605260315.jar;C:\Users\esjai\Downloads\plugins\org.eclipse.xpand_2.2.0.v201605260315.jar;C:\Users\esjai\Downloads\plugins\org.eclipse.xtend.typesystem.emf_2.2.0.v201605260315.jar;C:\Users\esjai\Downloads\plugins\org.uqbar.project.wollok_3.0.0.jar;C:\Users\esjai\Downloads\plugins\org.eclipse.xtext.xbase_2.20.0.v20191202-0933.ja
Launcher Type: SUN_STANDARD

Environment Variables:
PATH=C:/Program Files/Eclipse Adoptium/jdk-8.0.412.8-hotspot/bin/../jre/bin/server;C:/Program Files/Eclipse Adoptium/jdk-8.0.412.8-hotspot/bin/../jre/bin;C:/Program Files/Eclipse Adoptium/jdk-8.0.412.8-hotspot/bin/../jre/lib/amd64;C:\Program Files\Eclipse Adoptium\jdk-8.0.412.8-hotspot\bin;C:\WINDOWS\system32;C:\WINDOWS;C:\WINDOWS\System32\Wbem;C:\WINDOWS\System32\WindowsPowerShell\v1.0\;C:\WINDOWS\System32\OpenSSH\;C:\Program Files\Git\cmd;C:\Users\esjai\AppData\Local\Microsoft\WindowsApps;C:\Users\esjai\Downloads;
USERNAME=esjai
OS=Windows_NT
PROCESSOR_IDENTIFIER=Intel64 Family 6 Model 92 Stepping 9, GenuineIntel



---------------  S Y S T E M  ---------------

OS: Windows 10 , 64 bit Build 19041 (10.0.19041.3636)

CPU:total 2 (initial active 2) (2 cores per cpu, 1 threads per core) family 6 model 92 stepping 9, cmov, cx8, fxsr, mmx, sse, sse2, sse3, ssse3, sse4.1, sse4.2, popcnt, aes, clmul, erms, 3dnowpref, tsc, tscinvbit

Memory: 4k page, physical 4023332k(229300k free), swap 9188368k(5232k free)

vm_info: OpenJDK 64-Bit Server VM (25.412-b08) for windows-amd64 JRE (1.8.0_412-b08), built on Apr 17 2024 02:10:30 by "jenkins" with MS VC++ 15.9 (VS2017)

time: Mon Jun 24 14:54:31 2024
timezone: Hora estándar de Argentina
elapsed time: 44.163004 seconds (0d 0h 0m 44s)

